# JRE version: OpenJDK Runtime Environment (11.0.10) (build 11.0.10+0-b96-7249189)
# Java VM: OpenJDK 64-Bit Server VM (11.0.10+0-b96-7249189, mixed mode, tiered, compressed oops, g1 gc, windows-amd64)
Heap:
 garbage-first heap   total 496640K, used 202993K [0x0000000083000000, 0x0000000100000000)
  region size 1024K, 6 young (6144K), 6 survivors (6144K)
 Metaspace       used 136972K, capacity 140354K, committed 142976K, reserved 1173504K
  class space    used 16767K, capacity 18010K, committed 18816K, reserved 1048576K
GC Heap History (20 events):
Event: 3314.208 GC heap after
{Heap after GC invocations=103 (full 0):
 garbage-first heap   total 240640K, used 197393K [0x0000000083000000, 0x0000000100000000)
  region size 1024K, 2 young (2048K), 2 survivors (2048K)
 Metaspace       used 133482K, capacity 136675K, committed 140032K, reserved 1171456K
  class space    used 16417K, capacity 17590K, committed 18688K, reserved 1048576K
}
Event: 3314.713 GC heap before
{Heap before GC invocations=103 (full 0):
 garbage-first heap   total 240640K, used 206609K [0x0000000083000000, 0x0000000100000000)
  region size 1024K, 11 young (11264K), 2 survivors (2048K)
 Metaspace       used 133492K, capacity 136675K, committed 140032K, reserved 1171456K
  class space    used 16417K, capacity 17590K, committed 18688K, reserved 1048576K
}
Event: 3314.801 GC heap after
{Heap after GC invocations=104 (full 0):
 garbage-first heap   total 240640K, used 175855K [0x0000000083000000, 0x0000000100000000)
  region size 1024K, 1 young (1024K), 1 survivors (1024K)
 Metaspace       used 133492K, capacity 136675K, committed 140032K, reserved 1171456K
  class space    used 16417K, capacity 17590K, committed 18688K, reserved 1048576K
}
Event: 3315.181 GC heap before
{Heap before GC invocations=104 (full 0):
 garbage-first heap   total 240640K, used 186095K [0x0000000083000000, 0x0000000100000000)
  region size 1024K, 11 young (11264K), 1 survivors (1024K)
 Metaspace       used 133507K, capacity 136675K, committed 140032K, reserved 1171456K
  class space    used 16417K, capacity 17590K, committed 18688K, reserved 1048576K
}
Event: 3315.316 GC heap after
{Heap after GC invocations=105 (full 0):
 garbage-first heap   total 240640K, used 164818K [0x0000000083000000, 0x0000000100000000)
  region size 1024K, 2 young (2048K), 2 survivors (2048K)
 Metaspace       used 133507K, capacity 136675K, committed 140032K, reserved 1171456K
  class space    used 16417K, capacity 17590K, committed 18688K, reserved 1048576K
}
Event: 3315.822 GC heap before
{Heap before GC invocations=105 (full 0):
 garbage-first heap   total 240640K, used 174034K [0x0000000083000000, 0x0000000100000000)
  region size 1024K, 11 young (11264K), 2 survivors (2048K)
 Metaspace       used 133514K, capacity 136675K, committed 140032K, reserved 1171456K
  class space    used 16417K, capacity 17590K, committed 18688K, reserved 1048576K
}
Event: 3315.942 GC heap after
{Heap after GC invocations=106 (full 0):
 garbage-first heap   total 240640K, used 158724K [0x0000000083000000, 0x0000000100000000)
  region size 1024K, 2 young (2048K), 2 survivors (2048K)
 Metaspace       used 133514K, capacity 136675K, committed 140032K, reserved 1171456K
  class space    used 16417K, capacity 17590K, committed 18688K, reserved 1048576K
}
Event: 3316.957 GC heap before
{Heap before GC invocations=106 (full 0):
 garbage-first heap   total 240640K, used 167940K [0x0000000083000000, 0x0000000100000000)
  region size 1024K, 11 young (11264K), 2 survivors (2048K)
 Metaspace       used 133554K, capacity 136739K, committed 140032K, reserved 1171456K
  class space    used 16417K, capacity 17590K, committed 18688K, reserved 1048576K
}
Event: 3317.056 GC heap after
{Heap after GC invocations=107 (full 0):
 garbage-first heap   total 240640K, used 154456K [0x0000000083000000, 0x0000000100000000)
  region size 1024K, 2 young (2048K), 2 survivors (2048K)
 Metaspace       used 133554K, capacity 136739K, committed 140032K, reserved 1171456K
  class space    used 16417K, capacity 17590K, committed 18688K, reserved 1048576K
}
Event: 3317.595 GC heap before
{Heap before GC invocations=107 (full 0):
 garbage-first heap   total 240640K, used 163672K [0x0000000083000000, 0x0000000100000000)
  region size 1024K, 11 young (11264K), 2 survivors (2048K)
 Metaspace       used 133557K, capacity 136739K, committed 140032K, reserved 1171456K
  class space    used 16417K, capacity 17590K, committed 18688K, reserved 1048576K
}
Event: 3317.647 GC heap after
{Heap after GC invocations=108 (full 0):
 garbage-first heap   total 347136K, used 155762K [0x0000000083000000, 0x0000000100000000)
  region size 1024K, 2 young (2048K), 2 survivors (2048K)
 Metaspace       used 133557K, capacity 136739K, committed 140032K, reserved 1171456K
  class space    used 16417K, capacity 17590K, committed 18688K, reserved 1048576K
}
Event: 3320.000 GC heap before
{Heap before GC invocations=108 (full 0):
 garbage-first heap   total 347136K, used 191602K [0x0000000083000000, 0x0000000100000000)
  region size 1024K, 37 young (37888K), 2 survivors (2048K)
 Metaspace       used 133595K, capacity 136739K, committed 140032K, reserved 1171456K
  class space    used 16417K, capacity 17590K, committed 18688K, reserved 1048576K
}
Event: 3320.032 GC heap after
{Heap after GC invocations=109 (full 0):
 garbage-first heap   total 347136K, used 157992K [0x0000000083000000, 0x0000000100000000)
  region size 1024K, 4 young (4096K), 4 survivors (4096K)
 Metaspace       used 133595K, capacity 136739K, committed 140032K, reserved 1171456K
  class space    used 16417K, capacity 17590K, committed 18688K, reserved 1048576K
}
Event: 3321.696 GC heap before
{Heap before GC invocations=109 (full 0):
 garbage-first heap   total 347136K, used 203048K [0x0000000083000000, 0x0000000100000000)
  region size 1024K, 49 young (50176K), 4 survivors (4096K)
 Metaspace       used 133655K, capacity 136803K, committed 140032K, reserved 1171456K
  class space    used 16417K, capacity 17590K, committed 18688K, reserved 1048576K
}
Event: 3321.732 GC heap after
{Heap after GC invocations=110 (full 0):
 garbage-first heap   total 347136K, used 164998K [0x0000000083000000, 0x0000000100000000)
  region size 1024K, 7 young (7168K), 7 survivors (7168K)
 Metaspace       used 133655K, capacity 136803K, committed 140032K, reserved 1171456K
  class space    used 16417K, capacity 17590K, committed 18688K, reserved 1048576K
}
Event: 3323.930 GC heap before
{Heap before GC invocations=110 (full 0):
 garbage-first heap   total 347136K, used 223366K [0x0000000083000000, 0x0000000100000000)
  region size 1024K, 62 young (63488K), 7 survivors (7168K)
 Metaspace       used 133670K, capacity 136867K, committed 140032K, reserved 1171456K
  class space    used 16417K, capacity 17590K, committed 18688K, reserved 1048576K
}
Event: 3323.993 GC heap after
{Heap after GC invocations=111 (full 0):
 garbage-first heap   total 347136K, used 179488K [0x0000000083000000, 0x0000000100000000)
  region size 1024K, 8 young (8192K), 8 survivors (8192K)
 Metaspace       used 133670K, capacity 136867K, committed 140032K, reserved 1171456K
  class space    used 16417K, capacity 17590K, committed 18688K, reserved 1048576K
}
Event: 3330.426 GC heap before
{Heap before GC invocations=111 (full 0):
 garbage-first heap   total 347136K, used 253216K [0x0000000083000000, 0x0000000100000000)
  region size 1024K, 72 young (73728K), 8 survivors (8192K)
 Metaspace       used 134406K, capacity 137642K, committed 140544K, reserved 1171456K
  class space    used 16483K, capacity 17677K, committed 18688K, reserved 1048576K
}
Event: 3330.639 GC heap after
{Heap after GC invocations=112 (full 0):
 garbage-first heap   total 347136K, used 190464K [0x0000000083000000, 0x0000000100000000)
  region size 1024K, 9 young (9216K), 9 survivors (9216K)
 Metaspace       used 134406K, capacity 137642K, committed 140544K, reserved 1171456K
  class space    used 16483K, capacity 17677K, committed 18688K, reserved 1048576K
}
Event: 3341.266 GC heap before
{Heap before GC invocations=112 (full 0):
 garbage-first heap   total 347136K, used 241664K [0x0000000083000000, 0x0000000100000000)
  region size 1024K, 54 young (55296K), 9 survivors (9216K)
 Metaspace       used 136972K, capacity 140354K, committed 142976K, reserved 1173504K
  class space    used 16767K, capacity 18010K, committed 18816K, reserved 1048576K
}

